2022-06-07 15:48:01,142 INFO o.a.j.u.JMeterUtils: Setting Locale to en_UA
2022-06-07 15:48:01,266 INFO o.a.j.JMeter: Loading user properties from: user.properties
2022-06-07 15:48:01,266 INFO o.a.j.JMeter: Loading system properties from: system.properties
2022-06-07 15:48:01,269 INFO o.a.j.JMeter: Copyright (c) 1998-2021 The Apache Software Foundation
2022-06-07 15:48:01,269 INFO o.a.j.JMeter: Version 5.4.3
2022-06-07 15:48:01,269 INFO o.a.j.JMeter: java.version=18.0.1.1
2022-06-07 15:48:01,269 INFO o.a.j.JMeter: java.vm.name=OpenJDK 64-Bit Server VM
2022-06-07 15:48:01,269 INFO o.a.j.JMeter: os.name=Mac OS X
2022-06-07 15:48:01,269 INFO o.a.j.JMeter: os.arch=aarch64
2022-06-07 15:48:01,269 INFO o.a.j.JMeter: os.version=11.6.3
2022-06-07 15:48:01,269 INFO o.a.j.JMeter: file.encoding=UTF-8
2022-06-07 15:48:01,269 INFO o.a.j.JMeter: java.awt.headless=null
2022-06-07 15:48:01,269 INFO o.a.j.JMeter: Max memory     =2147483648
2022-06-07 15:48:01,269 INFO o.a.j.JMeter: Available Processors =8
2022-06-07 15:48:01,274 INFO o.a.j.JMeter: Default Locale=English (Ukraine)
2022-06-07 15:48:01,275 INFO o.a.j.JMeter: JMeter  Locale=English (Ukraine)
2022-06-07 15:48:01,275 INFO o.a.j.JMeter: JMeterHome=/Users/artur/IdeaProjects/at-project-framework/perfomance/jmeter
2022-06-07 15:48:01,275 INFO o.a.j.JMeter: user.dir  =/Users/artur/IdeaProjects/at-project-framework/perfomance/jmeter/bin
2022-06-07 15:48:01,275 INFO o.a.j.JMeter: PWD       =/Users/artur/IdeaProjects/at-project-framework/perfomance/jmeter/bin
2022-06-07 15:48:01,282 INFO o.a.j.JMeter: IP: 192.168.0.103 Name: Arturs-MacBook-Air.local FullName: 192.168.0.103
2022-06-07 15:48:01,624 INFO o.a.j.JMeter: Setting LAF to: laf:com.apple.laf.AquaLookAndFeel
2022-06-07 15:48:03,083 INFO o.a.j.JMeter: Loaded icon properties from org/apache/jmeter/images/icon.properties
2022-06-07 15:48:12,730 INFO o.a.j.s.FileServer: Default base='/Users/artur/IdeaProjects/at-project-framework/perfomance/jmeter/bin'
2022-06-07 15:48:12,733 INFO o.a.j.g.a.Load: Loading file: /Users/artur/IdeaProjects/at-project-framework/perfomance/efeed_perfomance_test.jmx
2022-06-07 15:48:12,733 INFO o.a.j.s.FileServer: Set new base='/Users/artur/IdeaProjects/at-project-framework/perfomance'
2022-06-07 15:48:12,852 INFO o.a.j.s.SaveService: Testplan (JMX) version: 2.2. Testlog (JTL) version: 2.2
2022-06-07 15:48:12,866 INFO o.a.j.s.SaveService: Using SaveService properties version 5.0
2022-06-07 15:48:12,867 INFO o.a.j.s.SaveService: Using SaveService properties file encoding UTF-8
2022-06-07 15:48:12,868 INFO o.a.j.s.SaveService: Loading file: /Users/artur/IdeaProjects/at-project-framework/perfomance/efeed_perfomance_test.jmx
2022-06-07 15:48:12,884 INFO o.a.j.p.h.s.HTTPSamplerBase: Parser for text/html is org.apache.jmeter.protocol.http.parser.LagartoBasedHtmlParser
2022-06-07 15:48:12,884 INFO o.a.j.p.h.s.HTTPSamplerBase: Parser for application/xhtml+xml is org.apache.jmeter.protocol.http.parser.LagartoBasedHtmlParser
2022-06-07 15:48:12,884 INFO o.a.j.p.h.s.HTTPSamplerBase: Parser for application/xml is org.apache.jmeter.protocol.http.parser.LagartoBasedHtmlParser
2022-06-07 15:48:12,884 INFO o.a.j.p.h.s.HTTPSamplerBase: Parser for text/xml is org.apache.jmeter.protocol.http.parser.LagartoBasedHtmlParser
2022-06-07 15:48:12,884 INFO o.a.j.p.h.s.HTTPSamplerBase: Parser for text/vnd.wap.wml is org.apache.jmeter.protocol.http.parser.RegexpHTMLParser
2022-06-07 15:48:12,884 INFO o.a.j.p.h.s.HTTPSamplerBase: Parser for text/css is org.apache.jmeter.protocol.http.parser.CssParser
2022-06-07 15:48:12,893 INFO o.a.j.s.SampleResult: Note: Sample TimeStamps are START times
2022-06-07 15:48:12,893 INFO o.a.j.s.SampleResult: sampleresult.default.encoding is set to ISO-8859-1
2022-06-07 15:48:12,893 INFO o.a.j.s.SampleResult: sampleresult.useNanoTime=true
2022-06-07 15:48:12,893 INFO o.a.j.s.SampleResult: sampleresult.nanoThreadSleep=5000
2022-06-07 15:48:12,965 INFO o.a.j.v.ViewResultsFullVisualizer: Add JavaFX to your Java installation if you want to use renderer: org.apache.jmeter.visualizers.RenderInBrowser
2022-06-07 15:48:13,020 INFO o.a.j.s.FileServer: Set new base='/Users/artur/IdeaProjects/at-project-framework/perfomance'
2022-06-07 15:49:48,800 INFO o.a.j.e.StandardJMeterEngine: Running the test!
2022-06-07 15:49:48,801 INFO o.a.j.s.SampleEvent: List of sample_variables: []
2022-06-07 15:49:48,802 INFO o.a.j.s.SampleEvent: List of sample_variables: []
2022-06-07 15:49:48,803 INFO o.a.j.e.u.CompoundVariable: Note: Function class names must contain the string: '.functions.'
2022-06-07 15:49:48,803 INFO o.a.j.e.u.CompoundVariable: Note: Function class names must not contain the string: '.gui.'
2022-06-07 15:49:48,834 INFO o.a.j.g.u.JMeterMenuBar: setRunning(true, *local*)
2022-06-07 15:49:48,856 INFO o.a.j.e.StandardJMeterEngine: Starting ThreadGroup: 1 : UserList_TG
2022-06-07 15:49:48,857 INFO o.a.j.e.StandardJMeterEngine: Starting 100 threads for group UserList_TG.
2022-06-07 15:49:48,857 INFO o.a.j.e.StandardJMeterEngine: Thread will continue on error
2022-06-07 15:49:48,857 INFO o.a.j.t.ThreadGroup: Starting thread group... number=1 threads=100 ramp-up=1 delayedStart=false
2022-06-07 15:49:48,859 INFO o.a.j.t.JMeterThread: Thread started: UserList_TG 1-1
2022-06-07 15:49:48,871 INFO o.a.j.t.JMeterThread: Thread started: UserList_TG 1-2
2022-06-07 15:49:48,872 INFO o.a.j.p.h.s.HTTPHCAbstractImpl: Local host = Arturs-MacBook-Air.local
2022-06-07 15:49:48,878 INFO o.a.j.p.h.s.HTTPHC4Impl: HTTP request retry count = 0
2022-06-07 15:49:48,880 INFO o.a.j.t.ThreadGroup: Started thread group number 1
2022-06-07 15:49:48,880 INFO o.a.j.e.StandardJMeterEngine: All thread groups have been started
2022-06-07 15:49:48,882 INFO o.a.j.t.JMeterThread: Thread started: UserList_TG 1-3
2022-06-07 15:49:48,890 INFO o.a.j.t.JMeterThread: Thread started: UserList_TG 1-4
2022-06-07 15:49:48,899 INFO o.a.j.t.JMeterThread: Thread started: UserList_TG 1-5
2022-06-07 15:49:48,913 INFO o.a.j.t.JMeterThread: Thread started: UserList_TG 1-6
2022-06-07 15:49:48,922 INFO o.a.j.t.JMeterThread: Thread started: UserList_TG 1-7
2022-06-07 15:49:48,930 INFO o.a.j.t.JMeterThread: Thread started: UserList_TG 1-8
2022-06-07 15:49:48,943 INFO o.a.j.t.JMeterThread: Thread started: UserList_TG 1-9
2022-06-07 15:49:48,953 INFO o.a.j.t.JMeterThread: Thread started: UserList_TG 1-10
2022-06-07 15:49:48,959 INFO o.a.j.t.JMeterThread: Thread started: UserList_TG 1-11
2022-06-07 15:49:48,972 INFO o.a.j.t.JMeterThread: Thread started: UserList_TG 1-12
2022-06-07 15:49:48,983 INFO o.a.j.t.JMeterThread: Thread started: UserList_TG 1-13
2022-06-07 15:49:48,992 INFO o.a.j.t.JMeterThread: Thread started: UserList_TG 1-14
2022-06-07 15:49:48,998 INFO o.a.j.t.JMeterThread: Thread started: UserList_TG 1-15
2022-06-07 15:49:49,014 INFO o.a.j.t.JMeterThread: Thread started: UserList_TG 1-16
2022-06-07 15:49:49,021 INFO o.a.j.t.JMeterThread: Thread started: UserList_TG 1-17
2022-06-07 15:49:49,033 INFO o.a.j.t.JMeterThread: Thread started: UserList_TG 1-18
2022-06-07 15:49:49,042 INFO o.a.j.t.JMeterThread: Thread started: UserList_TG 1-19
2022-06-07 15:49:49,052 INFO o.a.j.t.JMeterThread: Thread started: UserList_TG 1-20
2022-06-07 15:49:49,060 INFO o.a.j.t.JMeterThread: Thread started: UserList_TG 1-21
2022-06-07 15:49:49,069 INFO o.a.j.t.JMeterThread: Thread started: UserList_TG 1-22
2022-06-07 15:49:49,078 INFO o.a.j.t.JMeterThread: Thread started: UserList_TG 1-23
2022-06-07 15:49:49,093 INFO o.a.j.t.JMeterThread: Thread started: UserList_TG 1-24
2022-06-07 15:49:49,100 INFO o.a.j.t.JMeterThread: Thread started: UserList_TG 1-25
2022-06-07 15:49:49,108 INFO o.a.j.t.JMeterThread: Thread started: UserList_TG 1-26
2022-06-07 15:49:49,123 INFO o.a.j.t.JMeterThread: Thread started: UserList_TG 1-27
2022-06-07 15:49:49,129 INFO o.a.j.t.JMeterThread: Thread started: UserList_TG 1-28
2022-06-07 15:49:49,137 INFO o.a.j.t.JMeterThread: Thread started: UserList_TG 1-29
2022-06-07 15:49:49,148 INFO o.a.j.t.JMeterThread: Thread started: UserList_TG 1-30
2022-06-07 15:49:49,159 INFO o.a.j.t.JMeterThread: Thread started: UserList_TG 1-31
2022-06-07 15:49:49,168 INFO o.a.j.t.JMeterThread: Thread started: UserList_TG 1-32
2022-06-07 15:49:49,182 INFO o.a.j.t.JMeterThread: Thread started: UserList_TG 1-33
2022-06-07 15:49:49,187 INFO o.a.j.t.JMeterThread: Thread started: UserList_TG 1-34
2022-06-07 15:49:49,203 INFO o.a.j.t.JMeterThread: Thread started: UserList_TG 1-35
2022-06-07 15:49:49,211 INFO o.a.j.t.JMeterThread: Thread started: UserList_TG 1-36
2022-06-07 15:49:49,218 INFO o.a.j.t.JMeterThread: Thread started: UserList_TG 1-37
2022-06-07 15:49:49,232 INFO o.a.j.t.JMeterThread: Thread started: UserList_TG 1-38
2022-06-07 15:49:49,239 INFO o.a.j.t.JMeterThread: Thread started: UserList_TG 1-39
2022-06-07 15:49:49,248 INFO o.a.j.t.JMeterThread: Thread started: UserList_TG 1-40
2022-06-07 15:49:49,258 INFO o.a.j.t.JMeterThread: Thread started: UserList_TG 1-41
2022-06-07 15:49:49,270 INFO o.a.j.t.JMeterThread: Thread started: UserList_TG 1-42
2022-06-07 15:49:49,282 INFO o.a.j.t.JMeterThread: Thread started: UserList_TG 1-43
2022-06-07 15:49:49,290 INFO o.a.j.t.JMeterThread: Thread started: UserList_TG 1-44
2022-06-07 15:49:49,303 INFO o.a.j.t.JMeterThread: Thread started: UserList_TG 1-45
2022-06-07 15:49:49,312 INFO o.a.j.t.JMeterThread: Thread started: UserList_TG 1-46
2022-06-07 15:49:49,319 INFO o.a.j.t.JMeterThread: Thread started: UserList_TG 1-47
2022-06-07 15:49:49,333 INFO o.a.j.t.JMeterThread: Thread started: UserList_TG 1-48
2022-06-07 15:49:49,340 INFO o.a.j.t.JMeterThread: Thread started: UserList_TG 1-49
2022-06-07 15:49:49,353 INFO o.a.j.t.JMeterThread: Thread started: UserList_TG 1-50
2022-06-07 15:49:49,363 INFO o.a.j.t.JMeterThread: Thread started: UserList_TG 1-51
2022-06-07 15:49:49,370 INFO o.a.j.t.JMeterThread: Thread started: UserList_TG 1-52
2022-06-07 15:49:49,382 INFO o.a.j.t.JMeterThread: Thread started: UserList_TG 1-53
2022-06-07 15:49:49,393 INFO o.a.j.t.JMeterThread: Thread started: UserList_TG 1-54
2022-06-07 15:49:49,403 INFO o.a.j.t.JMeterThread: Thread started: UserList_TG 1-55
2022-06-07 15:49:49,409 INFO o.a.j.t.JMeterThread: Thread started: UserList_TG 1-56
2022-06-07 15:49:49,422 INFO o.a.j.t.JMeterThread: Thread started: UserList_TG 1-57
2022-06-07 15:49:49,432 INFO o.a.j.t.JMeterThread: Thread started: UserList_TG 1-58
2022-06-07 15:49:49,441 INFO o.a.j.t.JMeterThread: Thread started: UserList_TG 1-59
2022-06-07 15:49:49,450 INFO o.a.j.t.JMeterThread: Thread started: UserList_TG 1-60
2022-06-07 15:49:49,462 INFO o.a.j.t.JMeterThread: Thread started: UserList_TG 1-61
2022-06-07 15:49:49,472 INFO o.a.j.t.JMeterThread: Thread started: UserList_TG 1-62
2022-06-07 15:49:49,481 INFO o.a.j.t.JMeterThread: Thread started: UserList_TG 1-63
2022-06-07 15:49:49,492 INFO o.a.j.t.JMeterThread: Thread started: UserList_TG 1-64
2022-06-07 15:49:49,502 INFO o.a.j.t.JMeterThread: Thread started: UserList_TG 1-65
2022-06-07 15:49:49,511 INFO o.a.j.t.JMeterThread: Thread started: UserList_TG 1-66
2022-06-07 15:49:49,523 INFO o.a.j.t.JMeterThread: Thread started: UserList_TG 1-67
2022-06-07 15:49:49,532 INFO o.a.j.t.JMeterThread: Thread started: UserList_TG 1-68
2022-06-07 15:49:49,540 INFO o.a.j.t.JMeterThread: Thread started: UserList_TG 1-69
2022-06-07 15:49:49,549 INFO o.a.j.t.JMeterThread: Thread started: UserList_TG 1-70
2022-06-07 15:49:49,562 INFO o.a.j.t.JMeterThread: Thread started: UserList_TG 1-71
2022-06-07 15:49:49,572 INFO o.a.j.t.JMeterThread: Thread started: UserList_TG 1-72
2022-06-07 15:49:49,582 INFO o.a.j.t.JMeterThread: Thread started: UserList_TG 1-73
2022-06-07 15:49:49,593 INFO o.a.j.t.JMeterThread: Thread started: UserList_TG 1-74
2022-06-07 15:49:49,598 INFO o.a.j.t.JMeterThread: Thread started: UserList_TG 1-75
2022-06-07 15:49:49,611 INFO o.a.j.t.JMeterThread: Thread started: UserList_TG 1-76
2022-06-07 15:49:49,618 INFO o.a.j.t.JMeterThread: Thread started: UserList_TG 1-77
2022-06-07 15:49:49,632 INFO o.a.j.t.JMeterThread: Thread started: UserList_TG 1-78
2022-06-07 15:49:49,638 INFO o.a.j.t.JMeterThread: Thread started: UserList_TG 1-79
2022-06-07 15:49:49,652 INFO o.a.j.t.JMeterThread: Thread started: UserList_TG 1-80
2022-06-07 15:49:49,662 INFO o.a.j.t.JMeterThread: Thread started: UserList_TG 1-81
2022-06-07 15:49:49,670 INFO o.a.j.t.JMeterThread: Thread started: UserList_TG 1-82
2022-06-07 15:49:49,678 INFO o.a.j.t.JMeterThread: Thread started: UserList_TG 1-83
2022-06-07 15:49:49,693 INFO o.a.j.t.JMeterThread: Thread started: UserList_TG 1-84
2022-06-07 15:49:49,699 INFO o.a.j.t.JMeterThread: Thread started: UserList_TG 1-85
2022-06-07 15:49:49,712 INFO o.a.j.t.JMeterThread: Thread started: UserList_TG 1-86
2022-06-07 15:49:49,722 INFO o.a.j.t.JMeterThread: Thread started: UserList_TG 1-87
2022-06-07 15:49:49,733 INFO o.a.j.t.JMeterThread: Thread started: UserList_TG 1-88
2022-06-07 15:49:49,743 INFO o.a.j.t.JMeterThread: Thread started: UserList_TG 1-89
2022-06-07 15:49:49,750 INFO o.a.j.t.JMeterThread: Thread started: UserList_TG 1-90
2022-06-07 15:49:49,759 INFO o.a.j.t.JMeterThread: Thread started: UserList_TG 1-91
2022-06-07 15:49:49,772 INFO o.a.j.t.JMeterThread: Thread started: UserList_TG 1-92
2022-06-07 15:49:49,782 INFO o.a.j.t.JMeterThread: Thread started: UserList_TG 1-93
2022-06-07 15:49:49,792 INFO o.a.j.t.JMeterThread: Thread started: UserList_TG 1-94
2022-06-07 15:49:49,802 INFO o.a.j.t.JMeterThread: Thread started: UserList_TG 1-95
2022-06-07 15:49:49,809 INFO o.a.j.t.JMeterThread: Thread started: UserList_TG 1-96
2022-06-07 15:49:49,818 INFO o.a.j.t.JMeterThread: Thread started: UserList_TG 1-97
2022-06-07 15:49:49,833 INFO o.a.j.t.JMeterThread: Thread started: UserList_TG 1-98
2022-06-07 15:49:49,837 INFO o.a.j.t.JMeterThread: Thread started: UserList_TG 1-99
2022-06-07 15:49:49,852 INFO o.a.j.t.JMeterThread: Thread started: UserList_TG 1-100
2022-06-07 15:50:00,831 INFO o.a.j.t.JMeterThread: Thread is done: UserList_TG 1-7
2022-06-07 15:50:00,832 INFO o.a.j.t.JMeterThread: Thread finished: UserList_TG 1-7
2022-06-07 15:50:04,422 INFO o.a.j.t.JMeterThread: Thread is done: UserList_TG 1-24
2022-06-07 15:50:04,422 INFO o.a.j.t.JMeterThread: Thread finished: UserList_TG 1-24
2022-06-07 15:50:04,627 INFO o.a.j.t.JMeterThread: Thread is done: UserList_TG 1-26
2022-06-07 15:50:04,627 INFO o.a.j.t.JMeterThread: Thread finished: UserList_TG 1-26
2022-06-07 15:50:05,369 INFO o.a.j.t.JMeterThread: Thread is done: UserList_TG 1-5
2022-06-07 15:50:05,370 INFO o.a.j.t.JMeterThread: Thread finished: UserList_TG 1-5
2022-06-07 15:50:05,675 INFO o.a.j.t.JMeterThread: Thread is done: UserList_TG 1-21
2022-06-07 15:50:05,675 INFO o.a.j.t.JMeterThread: Thread finished: UserList_TG 1-21
2022-06-07 15:50:05,683 INFO o.a.j.t.JMeterThread: Thread is done: UserList_TG 1-40
2022-06-07 15:50:05,683 INFO o.a.j.t.JMeterThread: Thread finished: UserList_TG 1-40
2022-06-07 15:50:05,853 INFO o.a.j.t.JMeterThread: Thread is done: UserList_TG 1-13
2022-06-07 15:50:05,853 INFO o.a.j.t.JMeterThread: Thread finished: UserList_TG 1-13
2022-06-07 15:50:05,883 INFO o.a.j.t.JMeterThread: Thread is done: UserList_TG 1-19
2022-06-07 15:50:05,883 INFO o.a.j.t.JMeterThread: Thread finished: UserList_TG 1-19
2022-06-07 15:50:05,896 INFO o.a.j.t.JMeterThread: Thread is done: UserList_TG 1-9
2022-06-07 15:50:05,896 INFO o.a.j.t.JMeterThread: Thread finished: UserList_TG 1-9
2022-06-07 15:50:05,905 INFO o.a.j.t.JMeterThread: Thread is done: UserList_TG 1-23
2022-06-07 15:50:05,906 INFO o.a.j.t.JMeterThread: Thread finished: UserList_TG 1-23
2022-06-07 15:50:05,911 INFO o.a.j.t.JMeterThread: Thread is done: UserList_TG 1-4
2022-06-07 15:50:05,911 INFO o.a.j.t.JMeterThread: Thread finished: UserList_TG 1-4
2022-06-07 15:50:05,952 INFO o.a.j.t.JMeterThread: Thread is done: UserList_TG 1-20
2022-06-07 15:50:05,952 INFO o.a.j.t.JMeterThread: Thread finished: UserList_TG 1-20
2022-06-07 15:50:06,088 INFO o.a.j.t.JMeterThread: Thread is done: UserList_TG 1-12
2022-06-07 15:50:06,088 INFO o.a.j.t.JMeterThread: Thread finished: UserList_TG 1-12
2022-06-07 15:50:06,465 INFO o.a.j.t.JMeterThread: Thread is done: UserList_TG 1-66
2022-06-07 15:50:06,465 INFO o.a.j.t.JMeterThread: Thread finished: UserList_TG 1-66
2022-06-07 15:50:06,536 INFO o.a.j.t.JMeterThread: Thread is done: UserList_TG 1-11
2022-06-07 15:50:06,536 INFO o.a.j.t.JMeterThread: Thread finished: UserList_TG 1-11
2022-06-07 15:50:06,556 INFO o.a.j.t.JMeterThread: Thread is done: UserList_TG 1-3
2022-06-07 15:50:06,556 INFO o.a.j.t.JMeterThread: Thread finished: UserList_TG 1-3
2022-06-07 15:50:06,684 INFO o.a.j.t.JMeterThread: Thread is done: UserList_TG 1-32
2022-06-07 15:50:06,684 INFO o.a.j.t.JMeterThread: Thread finished: UserList_TG 1-32
2022-06-07 15:50:06,776 INFO o.a.j.t.JMeterThread: Thread is done: UserList_TG 1-6
2022-06-07 15:50:06,777 INFO o.a.j.t.JMeterThread: Thread finished: UserList_TG 1-6
2022-06-07 15:50:06,997 INFO o.a.j.t.JMeterThread: Thread is done: UserList_TG 1-10
2022-06-07 15:50:06,997 INFO o.a.j.t.JMeterThread: Thread finished: UserList_TG 1-10
2022-06-07 15:50:07,018 INFO o.a.j.t.JMeterThread: Thread is done: UserList_TG 1-17
2022-06-07 15:50:07,018 INFO o.a.j.t.JMeterThread: Thread finished: UserList_TG 1-17
2022-06-07 15:50:07,685 INFO o.a.j.t.JMeterThread: Thread is done: UserList_TG 1-42
2022-06-07 15:50:07,685 INFO o.a.j.t.JMeterThread: Thread finished: UserList_TG 1-42
2022-06-07 15:50:07,719 INFO o.a.j.t.JMeterThread: Thread is done: UserList_TG 1-67
2022-06-07 15:50:07,719 INFO o.a.j.t.JMeterThread: Thread finished: UserList_TG 1-67
2022-06-07 15:50:07,862 INFO o.a.j.t.JMeterThread: Thread is done: UserList_TG 1-43
2022-06-07 15:50:07,862 INFO o.a.j.t.JMeterThread: Thread finished: UserList_TG 1-43
2022-06-07 15:50:07,874 INFO o.a.j.t.JMeterThread: Thread is done: UserList_TG 1-33
2022-06-07 15:50:07,874 INFO o.a.j.t.JMeterThread: Thread finished: UserList_TG 1-33
2022-06-07 15:50:07,887 INFO o.a.j.t.JMeterThread: Thread is done: UserList_TG 1-59
2022-06-07 15:50:07,888 INFO o.a.j.t.JMeterThread: Thread finished: UserList_TG 1-59
2022-06-07 15:50:08,051 INFO o.a.j.t.JMeterThread: Thread is done: UserList_TG 1-71
2022-06-07 15:50:08,052 INFO o.a.j.t.JMeterThread: Thread finished: UserList_TG 1-71
2022-06-07 15:50:08,057 INFO o.a.j.t.JMeterThread: Thread is done: UserList_TG 1-100
2022-06-07 15:50:08,058 INFO o.a.j.t.JMeterThread: Thread finished: UserList_TG 1-100
2022-06-07 15:50:08,090 INFO o.a.j.t.JMeterThread: Thread is done: UserList_TG 1-16
2022-06-07 15:50:08,090 INFO o.a.j.t.JMeterThread: Thread finished: UserList_TG 1-16
2022-06-07 15:50:08,238 INFO o.a.j.t.JMeterThread: Thread is done: UserList_TG 1-69
2022-06-07 15:50:08,238 INFO o.a.j.t.JMeterThread: Thread finished: UserList_TG 1-69
2022-06-07 15:50:08,428 INFO o.a.j.t.JMeterThread: Thread is done: UserList_TG 1-48
2022-06-07 15:50:08,429 INFO o.a.j.t.JMeterThread: Thread finished: UserList_TG 1-48
2022-06-07 15:50:08,506 INFO o.a.j.t.JMeterThread: Thread is done: UserList_TG 1-34
2022-06-07 15:50:08,507 INFO o.a.j.t.JMeterThread: Thread finished: UserList_TG 1-34
2022-06-07 15:50:08,608 INFO o.a.j.t.JMeterThread: Thread is done: UserList_TG 1-62
2022-06-07 15:50:08,608 INFO o.a.j.t.JMeterThread: Thread finished: UserList_TG 1-62
2022-06-07 15:50:08,615 INFO o.a.j.t.JMeterThread: Thread is done: UserList_TG 1-82
2022-06-07 15:50:08,615 INFO o.a.j.t.JMeterThread: Thread finished: UserList_TG 1-82
2022-06-07 15:50:08,653 INFO o.a.j.t.JMeterThread: Thread is done: UserList_TG 1-57
2022-06-07 15:50:08,653 INFO o.a.j.t.JMeterThread: Thread finished: UserList_TG 1-57
2022-06-07 15:50:08,677 INFO o.a.j.t.JMeterThread: Thread is done: UserList_TG 1-38
2022-06-07 15:50:08,677 INFO o.a.j.t.JMeterThread: Thread finished: UserList_TG 1-38
2022-06-07 15:50:08,732 INFO o.a.j.t.JMeterThread: Thread is done: UserList_TG 1-1
2022-06-07 15:50:08,732 INFO o.a.j.t.JMeterThread: Thread finished: UserList_TG 1-1
2022-06-07 15:50:08,921 INFO o.a.j.t.JMeterThread: Thread is done: UserList_TG 1-18
2022-06-07 15:50:08,921 INFO o.a.j.t.JMeterThread: Thread finished: UserList_TG 1-18
2022-06-07 15:50:09,206 INFO o.a.j.t.JMeterThread: Thread is done: UserList_TG 1-51
2022-06-07 15:50:09,206 INFO o.a.j.t.JMeterThread: Thread finished: UserList_TG 1-51
2022-06-07 15:50:09,239 INFO o.a.j.t.JMeterThread: Thread is done: UserList_TG 1-2
2022-06-07 15:50:09,239 INFO o.a.j.t.JMeterThread: Thread finished: UserList_TG 1-2
2022-06-07 15:50:09,270 INFO o.a.j.t.JMeterThread: Thread is done: UserList_TG 1-64
2022-06-07 15:50:09,270 INFO o.a.j.t.JMeterThread: Thread finished: UserList_TG 1-64
2022-06-07 15:50:09,280 INFO o.a.j.t.JMeterThread: Thread is done: UserList_TG 1-39
2022-06-07 15:50:09,280 INFO o.a.j.t.JMeterThread: Thread finished: UserList_TG 1-39
2022-06-07 15:50:09,294 INFO o.a.j.t.JMeterThread: Thread is done: UserList_TG 1-30
2022-06-07 15:50:09,295 INFO o.a.j.t.JMeterThread: Thread finished: UserList_TG 1-30
2022-06-07 15:50:09,303 INFO o.a.j.t.JMeterThread: Thread is done: UserList_TG 1-98
2022-06-07 15:50:09,304 INFO o.a.j.t.JMeterThread: Thread finished: UserList_TG 1-98
2022-06-07 15:50:09,324 INFO o.a.j.t.JMeterThread: Thread is done: UserList_TG 1-29
2022-06-07 15:50:09,324 INFO o.a.j.t.JMeterThread: Thread finished: UserList_TG 1-29
2022-06-07 15:50:09,345 INFO o.a.j.t.JMeterThread: Thread is done: UserList_TG 1-14
2022-06-07 15:50:09,346 INFO o.a.j.t.JMeterThread: Thread finished: UserList_TG 1-14
2022-06-07 15:50:09,354 INFO o.a.j.t.JMeterThread: Thread is done: UserList_TG 1-81
2022-06-07 15:50:09,354 INFO o.a.j.t.JMeterThread: Thread finished: UserList_TG 1-81
2022-06-07 15:50:09,373 INFO o.a.j.t.JMeterThread: Thread is done: UserList_TG 1-55
2022-06-07 15:50:09,373 INFO o.a.j.t.JMeterThread: Thread finished: UserList_TG 1-55
2022-06-07 15:50:09,397 INFO o.a.j.t.JMeterThread: Thread is done: UserList_TG 1-88
2022-06-07 15:50:09,397 INFO o.a.j.t.JMeterThread: Thread finished: UserList_TG 1-88
2022-06-07 15:50:09,398 INFO o.a.j.t.JMeterThread: Thread is done: UserList_TG 1-31
2022-06-07 15:50:09,398 INFO o.a.j.t.JMeterThread: Thread finished: UserList_TG 1-31
2022-06-07 15:50:09,398 INFO o.a.j.t.JMeterThread: Thread is done: UserList_TG 1-86
2022-06-07 15:50:09,398 INFO o.a.j.t.JMeterThread: Thread finished: UserList_TG 1-86
2022-06-07 15:50:09,424 INFO o.a.j.t.JMeterThread: Thread is done: UserList_TG 1-85
2022-06-07 15:50:09,425 INFO o.a.j.t.JMeterThread: Thread finished: UserList_TG 1-85
2022-06-07 15:50:09,446 INFO o.a.j.t.JMeterThread: Thread is done: UserList_TG 1-36
2022-06-07 15:50:09,447 INFO o.a.j.t.JMeterThread: Thread finished: UserList_TG 1-36
2022-06-07 15:50:09,477 INFO o.a.j.t.JMeterThread: Thread is done: UserList_TG 1-70
2022-06-07 15:50:09,478 INFO o.a.j.t.JMeterThread: Thread finished: UserList_TG 1-70
2022-06-07 15:50:09,483 INFO o.a.j.t.JMeterThread: Thread is done: UserList_TG 1-45
2022-06-07 15:50:09,483 INFO o.a.j.t.JMeterThread: Thread finished: UserList_TG 1-45
2022-06-07 15:50:09,494 INFO o.a.j.t.JMeterThread: Thread is done: UserList_TG 1-65
2022-06-07 15:50:09,494 INFO o.a.j.t.JMeterThread: Thread finished: UserList_TG 1-65
2022-06-07 15:50:09,513 INFO o.a.j.t.JMeterThread: Thread is done: UserList_TG 1-46
2022-06-07 15:50:09,514 INFO o.a.j.t.JMeterThread: Thread finished: UserList_TG 1-46
2022-06-07 15:50:09,523 INFO o.a.j.t.JMeterThread: Thread is done: UserList_TG 1-22
2022-06-07 15:50:09,523 INFO o.a.j.t.JMeterThread: Thread finished: UserList_TG 1-22
2022-06-07 15:50:09,544 INFO o.a.j.t.JMeterThread: Thread is done: UserList_TG 1-94
2022-06-07 15:50:09,544 INFO o.a.j.t.JMeterThread: Thread finished: UserList_TG 1-94
2022-06-07 15:50:09,551 INFO o.a.j.t.JMeterThread: Thread is done: UserList_TG 1-25
2022-06-07 15:50:09,551 INFO o.a.j.t.JMeterThread: Thread finished: UserList_TG 1-25
2022-06-07 15:50:09,604 INFO o.a.j.t.JMeterThread: Thread is done: UserList_TG 1-15
2022-06-07 15:50:09,604 INFO o.a.j.t.JMeterThread: Thread finished: UserList_TG 1-15
2022-06-07 15:50:09,611 INFO o.a.j.t.JMeterThread: Thread is done: UserList_TG 1-84
2022-06-07 15:50:09,611 INFO o.a.j.t.JMeterThread: Thread finished: UserList_TG 1-84
2022-06-07 15:50:09,637 INFO o.a.j.t.JMeterThread: Thread is done: UserList_TG 1-83
2022-06-07 15:50:09,637 INFO o.a.j.t.JMeterThread: Thread finished: UserList_TG 1-83
2022-06-07 15:50:09,642 INFO o.a.j.t.JMeterThread: Thread is done: UserList_TG 1-47
2022-06-07 15:50:09,642 INFO o.a.j.t.JMeterThread: Thread finished: UserList_TG 1-47
2022-06-07 15:50:09,642 INFO o.a.j.t.JMeterThread: Thread is done: UserList_TG 1-44
2022-06-07 15:50:09,642 INFO o.a.j.t.JMeterThread: Thread finished: UserList_TG 1-44
2022-06-07 15:50:09,660 INFO o.a.j.t.JMeterThread: Thread is done: UserList_TG 1-63
2022-06-07 15:50:09,660 INFO o.a.j.t.JMeterThread: Thread finished: UserList_TG 1-63
2022-06-07 15:50:09,728 INFO o.a.j.t.JMeterThread: Thread is done: UserList_TG 1-28
2022-06-07 15:50:09,728 INFO o.a.j.t.JMeterThread: Thread finished: UserList_TG 1-28
2022-06-07 15:50:09,738 INFO o.a.j.t.JMeterThread: Thread is done: UserList_TG 1-74
2022-06-07 15:50:09,738 INFO o.a.j.t.JMeterThread: Thread finished: UserList_TG 1-74
2022-06-07 15:50:09,739 INFO o.a.j.t.JMeterThread: Thread is done: UserList_TG 1-8
2022-06-07 15:50:09,739 INFO o.a.j.t.JMeterThread: Thread finished: UserList_TG 1-8
2022-06-07 15:50:09,744 INFO o.a.j.t.JMeterThread: Thread is done: UserList_TG 1-50
2022-06-07 15:50:09,744 INFO o.a.j.t.JMeterThread: Thread finished: UserList_TG 1-50
2022-06-07 15:50:09,758 INFO o.a.j.t.JMeterThread: Thread is done: UserList_TG 1-52
2022-06-07 15:50:09,759 INFO o.a.j.t.JMeterThread: Thread finished: UserList_TG 1-52
2022-06-07 15:50:09,807 INFO o.a.j.t.JMeterThread: Thread is done: UserList_TG 1-54
2022-06-07 15:50:09,807 INFO o.a.j.t.JMeterThread: Thread finished: UserList_TG 1-54
2022-06-07 15:50:09,810 INFO o.a.j.t.JMeterThread: Thread is done: UserList_TG 1-27
2022-06-07 15:50:09,811 INFO o.a.j.t.JMeterThread: Thread finished: UserList_TG 1-27
2022-06-07 15:50:09,828 INFO o.a.j.t.JMeterThread: Thread is done: UserList_TG 1-49
2022-06-07 15:50:09,828 INFO o.a.j.t.JMeterThread: Thread finished: UserList_TG 1-49
2022-06-07 15:50:09,844 INFO o.a.j.t.JMeterThread: Thread is done: UserList_TG 1-35
2022-06-07 15:50:09,844 INFO o.a.j.t.JMeterThread: Thread finished: UserList_TG 1-35
2022-06-07 15:50:09,855 INFO o.a.j.t.JMeterThread: Thread is done: UserList_TG 1-60
2022-06-07 15:50:09,855 INFO o.a.j.t.JMeterThread: Thread finished: UserList_TG 1-60
2022-06-07 15:50:09,858 INFO o.a.j.t.JMeterThread: Thread is done: UserList_TG 1-77
2022-06-07 15:50:09,859 INFO o.a.j.t.JMeterThread: Thread finished: UserList_TG 1-77
2022-06-07 15:50:09,883 INFO o.a.j.t.JMeterThread: Thread is done: UserList_TG 1-41
2022-06-07 15:50:09,883 INFO o.a.j.t.JMeterThread: Thread finished: UserList_TG 1-41
2022-06-07 15:50:09,904 INFO o.a.j.t.JMeterThread: Thread is done: UserList_TG 1-58
2022-06-07 15:50:09,904 INFO o.a.j.t.JMeterThread: Thread finished: UserList_TG 1-58
2022-06-07 15:50:09,926 INFO o.a.j.t.JMeterThread: Thread is done: UserList_TG 1-73
2022-06-07 15:50:09,926 INFO o.a.j.t.JMeterThread: Thread finished: UserList_TG 1-73
2022-06-07 15:50:10,221 INFO o.a.j.t.JMeterThread: Thread is done: UserList_TG 1-75
2022-06-07 15:50:10,222 INFO o.a.j.t.JMeterThread: Thread finished: UserList_TG 1-75
2022-06-07 15:50:10,245 INFO o.a.j.t.JMeterThread: Thread is done: UserList_TG 1-53
2022-06-07 15:50:10,245 INFO o.a.j.t.JMeterThread: Thread finished: UserList_TG 1-53
2022-06-07 15:50:10,375 INFO o.a.j.t.JMeterThread: Thread is done: UserList_TG 1-56
2022-06-07 15:50:10,375 INFO o.a.j.t.JMeterThread: Thread finished: UserList_TG 1-56
2022-06-07 15:50:10,560 INFO o.a.j.t.JMeterThread: Thread is done: UserList_TG 1-61
2022-06-07 15:50:10,560 INFO o.a.j.t.JMeterThread: Thread finished: UserList_TG 1-61
2022-06-07 15:50:10,563 INFO o.a.j.t.JMeterThread: Thread is done: UserList_TG 1-87
2022-06-07 15:50:10,563 INFO o.a.j.t.JMeterThread: Thread finished: UserList_TG 1-87
2022-06-07 15:50:10,565 INFO o.a.j.t.JMeterThread: Thread is done: UserList_TG 1-91
2022-06-07 15:50:10,566 INFO o.a.j.t.JMeterThread: Thread finished: UserList_TG 1-91
2022-06-07 15:50:10,589 INFO o.a.j.t.JMeterThread: Thread is done: UserList_TG 1-80
2022-06-07 15:50:10,589 INFO o.a.j.t.JMeterThread: Thread finished: UserList_TG 1-80
2022-06-07 15:50:10,608 INFO o.a.j.t.JMeterThread: Thread is done: UserList_TG 1-95
2022-06-07 15:50:10,608 INFO o.a.j.t.JMeterThread: Thread finished: UserList_TG 1-95
2022-06-07 15:50:10,612 INFO o.a.j.t.JMeterThread: Thread is done: UserList_TG 1-79
2022-06-07 15:50:10,612 INFO o.a.j.t.JMeterThread: Thread finished: UserList_TG 1-79
2022-06-07 15:50:10,629 INFO o.a.j.t.JMeterThread: Thread is done: UserList_TG 1-68
2022-06-07 15:50:10,629 INFO o.a.j.t.JMeterThread: Thread finished: UserList_TG 1-68
2022-06-07 15:50:10,641 INFO o.a.j.t.JMeterThread: Thread is done: UserList_TG 1-76
2022-06-07 15:50:10,642 INFO o.a.j.t.JMeterThread: Thread finished: UserList_TG 1-76
2022-06-07 15:50:10,649 INFO o.a.j.t.JMeterThread: Thread is done: UserList_TG 1-78
2022-06-07 15:50:10,649 INFO o.a.j.t.JMeterThread: Thread finished: UserList_TG 1-78
2022-06-07 15:50:10,650 INFO o.a.j.t.JMeterThread: Thread is done: UserList_TG 1-90
2022-06-07 15:50:10,651 INFO o.a.j.t.JMeterThread: Thread is done: UserList_TG 1-72
2022-06-07 15:50:10,651 INFO o.a.j.t.JMeterThread: Thread finished: UserList_TG 1-72
2022-06-07 15:50:10,651 INFO o.a.j.t.JMeterThread: Thread finished: UserList_TG 1-90
2022-06-07 15:50:10,650 INFO o.a.j.t.JMeterThread: Thread is done: UserList_TG 1-37
2022-06-07 15:50:10,651 INFO o.a.j.t.JMeterThread: Thread finished: UserList_TG 1-37
2022-06-07 15:50:10,715 INFO o.a.j.t.JMeterThread: Thread is done: UserList_TG 1-96
2022-06-07 15:50:10,715 INFO o.a.j.t.JMeterThread: Thread finished: UserList_TG 1-96
2022-06-07 15:50:10,768 INFO o.a.j.t.JMeterThread: Thread is done: UserList_TG 1-97
2022-06-07 15:50:10,768 INFO o.a.j.t.JMeterThread: Thread finished: UserList_TG 1-97
2022-06-07 15:50:10,859 INFO o.a.j.t.JMeterThread: Thread is done: UserList_TG 1-99
2022-06-07 15:50:10,859 INFO o.a.j.t.JMeterThread: Thread finished: UserList_TG 1-99
2022-06-07 15:50:10,875 INFO o.a.j.t.JMeterThread: Thread is done: UserList_TG 1-92
2022-06-07 15:50:10,876 INFO o.a.j.t.JMeterThread: Thread finished: UserList_TG 1-92
2022-06-07 15:50:10,883 INFO o.a.j.t.JMeterThread: Thread is done: UserList_TG 1-93
2022-06-07 15:50:10,884 INFO o.a.j.t.JMeterThread: Thread finished: UserList_TG 1-93
2022-06-07 15:50:10,896 INFO o.a.j.t.JMeterThread: Thread is done: UserList_TG 1-89
2022-06-07 15:50:10,896 INFO o.a.j.t.JMeterThread: Thread finished: UserList_TG 1-89
2022-06-07 15:50:10,897 INFO o.a.j.e.StandardJMeterEngine: Notifying test listeners of end of test
2022-06-07 15:50:10,897 INFO o.a.j.g.u.JMeterMenuBar: setRunning(false, *local*)
